<?xml version="1.0" encoding="UTF-8"?>
<!-- Generated by org.testng.reporters.JUnitReportReporter -->
<testsuite hostname="LAPTOP-4SNE9J1S" failures="0" tests="8" name="TestNGproject.HRMTest" time="76.419" errors="0" timestamp="2024-06-20T19:22:00 IST" skipped="0">
  <testcase classname="TestNGproject.HRMTest" name="loginInvalid" time="2.055"/>
  <testcase classname="TestNGproject.HRMTest" name="LoginPage" time="1.223"/>
  <testcase classname="TestNGproject.HRMTest" name="AddEmployee" time="21.227"/>
  <testcase classname="TestNGproject.HRMTest" name="searchEmployee" time="3.819"/>
  <testcase classname="TestNGproject.HRMTest" name="Fileupload" time="6.733"/>
  <testcase classname="TestNGproject.HRMTest" name="Printemployeelist" time="19.643"/>
  <testcase classname="TestNGproject.HRMTest" name="ApplyLeave" time="9.212"/>
  <testcase classname="TestNGproject.HRMTest" name="Deleteemployee" time="12.507"/>
</testsuite> <!-- TestNGproject.HRMTest -->
