<?xml version="1.0" encoding="UTF-8"?>
<!-- Generated by org.testng.reporters.JUnitReportReporter -->
<testsuite hostname="LAPTOP-4SNE9J1S" failures="0" tests="1" name="TestNGproject.invalidlogin" time="2.129" errors="0" timestamp="2024-05-07T22:48:48 IST" skipped="0">
  <testcase classname="TestNGproject.invalidlogin" name="loginTest" time="2.129"/>
</testsuite> <!-- TestNGproject.invalidlogin -->
