<?xml version="1.0" encoding="UTF-8"?>
<!-- Generated by org.testng.reporters.JUnitReportReporter -->
<testsuite hostname="LAPTOP-4SNE9J1S" failures="0" tests="1" name="TestNGproject.printlistemployee" time="24.743" errors="0" timestamp="2024-05-04T00:16:10 IST" skipped="0">
  <testcase classname="TestNGproject.printlistemployee" name="Login" time="24.743"/>
</testsuite> <!-- TestNGproject.printlistemployee -->
