<?xml version="1.0" encoding="UTF-8"?>
<!-- Generated by org.testng.reporters.JUnitReportReporter -->
<testsuite hostname="LAPTOP-4SNE9J1S" failures="0" tests="1" name="TestNGproject.validcase" time="1.950" errors="0" timestamp="2024-03-15T20:20:25 IST" skipped="0">
  <testcase classname="TestNGproject.validcase" name="validcrenditial" time="1.950"/>
  <system-out/>
</testsuite> <!-- TestNGproject.validcase -->
