<?xml version="1.0" encoding="UTF-8"?>
<!-- Generated by org.testng.reporters.JUnitReportReporter -->
<testsuite hostname="LAPTOP-4SNE9J1S" failures="0" tests="1" name="TestNGproject.applyleave" time="13.934" errors="0" timestamp="2024-06-18T17:34:41 IST" skipped="0">
  <testcase classname="TestNGproject.applyleave" name="Login" time="13.934"/>
</testsuite> <!-- TestNGproject.applyleave -->
