<?xml version="1.0" encoding="UTF-8"?>
<!-- Generated by org.testng.reporters.JUnitReportReporter -->
<testsuite hostname="LAPTOP-4SNE9J1S" failures="0" tests="1" name="TestNGproject.invalidtestcase" time="4.134" errors="0" timestamp="2024-03-15T21:30:33 IST" skipped="0">
  <testcase classname="TestNGproject.invalidtestcase" name="doLoginWithInvalidCredential" time="4.134"/>
  <system-out/>
</testsuite> <!-- TestNGproject.invalidtestcase -->
