<?xml version="1.0" encoding="UTF-8"?>
<!-- Generated by org.testng.reporters.JUnitReportReporter -->
<testsuite hostname="LAPTOP-4SNE9J1S" failures="0" tests="1" name="TestNGproject.Deleteemployee$invalidlogin" time="17.962" errors="0" timestamp="2024-06-18T23:25:47 IST" skipped="0">
  <testcase classname="TestNGproject.Deleteemployee$invalidlogin" name="Deleteemployee" time="17.962"/>
</testsuite> <!-- TestNGproject.Deleteemployee$invalidlogin -->
