<?xml version="1.0" encoding="UTF-8"?>
<!-- Generated by org.testng.reporters.JUnitReportReporter -->
<testsuite hostname="LAPTOP-4SNE9J1S" failures="0" tests="1" name="TestNGproject.validlogin" time="3.530" errors="0" timestamp="2024-03-19T15:29:33 IST" skipped="0">
  <testcase classname="TestNGproject.validlogin" name="loginTest" time="3.530"/>
  <system-out/>
</testsuite> <!-- TestNGproject.validlogin -->
