<?xml version="1.0" encoding="UTF-8"?>
<!-- Generated by org.testng.reporters.JUnitReportReporter -->
<testsuite hostname="LAPTOP-4SNE9J1S" failures="0" tests="1" name="TestNGproject.Fileupload" time="9.188" errors="0" timestamp="2024-06-18T19:01:24 IST" skipped="0">
  <testcase classname="TestNGproject.Fileupload" name="Logintest" time="9.188"/>
</testsuite> <!-- TestNGproject.Fileupload -->
